<?xml version="1.0" encoding="UTF-8"?>
<!-- Generated by org.testng.reporters.JUnitReportReporter -->
<testsuite skipped="0" hostname="Tatianas-MacBook-Air.local" name="com.upload.file.UploadFile" tests="1" failures="0" timestamp="01 Aug 2017 20:49:45 GMT" time="33.714" errors="0">
  <testcase name="Test" time="33.714" classname="com.upload.file.UploadFile"/>
</testsuite> <!-- com.upload.file.UploadFile -->
