<?xml version="1.0" encoding="UTF-8"?>
<!-- Generated by org.testng.reporters.JUnitReportReporter -->
<testsuite skipped="0" hostname="Tatianas-MacBook-Air.local" name="com.upload.file.UploadFile_Chrome" tests="1" failures="0" timestamp="01 Aug 2017 20:32:33 GMT" time="34.705" errors="0">
  <testcase name="Test" time="34.705" classname="com.upload.file.UploadFile_Chrome"/>
</testsuite> <!-- com.upload.file.UploadFile_Chrome -->
